E:\PROJECT\XDKZ\SOURCE\DAHLIA\NODE\DEBUG\AQUEUE_MANAGER_T.OBJ
E:\PROJECT\XDKZ\SOURCE\DAHLIA\NODE\DEBUG\AQUEUE_OBJ_T.OBJ
E:\project\XDKZ\source\Dahlia\Node\Debug\cl.command.1.tlog
E:\project\XDKZ\source\Dahlia\Node\Debug\CL.read.1.tlog
E:\project\XDKZ\source\Dahlia\Node\Debug\CL.write.1.tlog
E:\PROJECT\XDKZ\SOURCE\DAHLIA\NODE\DEBUG\CLIENT_REPAR_T.OBJ
E:\PROJECT\XDKZ\SOURCE\DAHLIA\NODE\DEBUG\DAEMON_CLIENT_T.OBJ
E:\PROJECT\XDKZ\SOURCE\DAHLIA\NODE\DEBUG\DAHLIA_UTILS.OBJ
E:\project\XDKZ\source\Dahlia\Node\Debug\link.command.1.tlog
E:\project\XDKZ\source\Dahlia\Node\Debug\link.read.1.tlog
E:\project\XDKZ\source\Dahlia\Node\Debug\link.write.1.tlog
E:\project\XDKZ\source\Dahlia\Node\Debug\Node.dll.embed.manifest
E:\PROJECT\XDKZ\SOURCE\DAHLIA\NODE\DEBUG\NODE.DLL.EMBED.MANIFEST.RES
E:\PROJECT\XDKZ\SOURCE\DAHLIA\NODE\DEBUG\NODE.OBJ
E:\project\XDKZ\source\Dahlia\Node\Debug\Node.write.1.tlog
E:\project\XDKZ\source\Dahlia\Node\Debug\Node_manifest.rc
E:\project\XDKZ\source\Dahlia\Node\Debug\rc.command.1.tlog
E:\project\XDKZ\source\Dahlia\Node\Debug\rc.read.1.tlog
E:\project\XDKZ\source\Dahlia\Node\Debug\rc.write.1.tlog
E:\PROJECT\XDKZ\SOURCE\DAHLIA\NODE\DEBUG\SESSION_CLIENT_T.OBJ
E:\PROJECT\XDKZ\SOURCE\DAHLIA\NODE\DEBUG\STRINGUTIL.OBJ
E:\project\XDKZ\source\Dahlia\Node\Debug\vc100.idb
E:\PROJECT\XDKZ\SOURCE\DAHLIA\NODE\DEBUG\VC100.PDB
E:\PROJECT\XDKZ\SOURCE\DAHLIA\NODE\DEBUG\WND_SCREEN_T.OBJ
