生成启动时间为 2017-05-05 21:23:02。
     1>项目“E:\project\ProcessMonitor\Dahlia - 副本\Node\Node.vcxproj”在节点 2 上(build 个目标)。
     1>InitializeBuildStatus:
         正在创建“Debug\Node.unsuccessfulbuild”，因为已指定“AlwaysCreate”。
       ClCompile:
         C:\Program Files (x86)\Microsoft Visual Studio 10.0\VC\bin\CL.exe /c /I..\Include /I..\Include\AQueueInc /I..\Include\net /I..\Include\StringUtil /I..\Include\AqueueEX /ZI /nologo /W3 /WX- /Od /Oy- /D WIN32 /D _CONSOLE /D ACTCTRL_BASE_EXPORTS /D _WINDLL /D _UNICODE /D UNICODE /Gm /EHsc /RTC1 /MDd /GS /fp:precise /Zc:wchar_t /Zc:forScope /Fo"Debug\\" /Fd"Debug\vc100.pdb" /Gd /TP /analyze- /errorReport:prompt ..\Include\AqueueEX\aqueue_manager_t.cpp ..\Include\AqueueEX\aqueue_obj_t.cpp ..\Include\dahlia_utils.cpp ..\Include\StringUtil\stringutil.cpp ..\Include\wnd_screen_t.cpp client_repar_t.cpp daemon_client_t.cpp Node.cpp session_client_t.cpp
         session_client_t.cpp
     1>e:\project\processmonitor\dahlia - 副本\include\globaldefine.h(53): warning C4091: “typedef ”: 没有声明变量时忽略“nodemsg_header_t”的左侧
     1>e:\project\processmonitor\dahlia - 副本\include\globaldefine.h(67): warning C4091: “typedef ”: 没有声明变量时忽略“nodemsg_heart”的左侧
     1>e:\project\processmonitor\dahlia - 副本\include\globaldefine.h(85): warning C4091: “typedef ”: 没有声明变量时忽略“nodemsg_register”的左侧
     1>e:\project\processmonitor\dahlia - 副本\include\globaldefine.h(103): warning C4091: “typedef ”: 没有声明变量时忽略“redis_process_state”的左侧
     1>e:\project\processmonitor\dahlia - 副本\include\globaldefine.h(111): warning C4091: “typedef ”: 没有声明变量时忽略“monitor_back”的左侧
     1>e:\project\processmonitor\dahlia - 副本\include\globaldefine.h(133): warning C4091: “typedef ”: 没有声明变量时忽略“montior_log_redis”的左侧
     1>e:\project\processmonitor\dahlia - 副本\include\globaldefine.h(146): warning C4091: “typedef ”: 没有声明变量时忽略“opreate_process”的左侧
         Node.cpp
     1>e:\project\processmonitor\dahlia - 副本\include\dahlia_utils.h(38): warning C4190: “get_app_path”有指定的 C 链接，但返回了与 C 不兼容的 UDT“std::basic_string<_Elem,_Traits,_Ax>”
                 with
                 [
                     _Elem=char,
                     _Traits=std::char_traits<char>,
                     _Ax=std::allocator<char>
                 ]
     1>e:\project\processmonitor\dahlia - 副本\include\dahlia_utils.h(41): warning C4190: “get_app_name”有指定的 C 链接，但返回了与 C 不兼容的 UDT“std::basic_string<_Elem,_Traits,_Ax>”
                 with
                 [
                     _Elem=char,
                     _Traits=std::char_traits<char>,
                     _Ax=std::allocator<char>
                 ]
     1>e:\project\processmonitor\dahlia - 副本\include\dahlia_utils.h(54): warning C4190: “get_local_ip_s”有指定的 C 链接，但返回了与 C 不兼容的 UDT“std::basic_string<_Elem,_Traits,_Ax>”
                 with
                 [
                     _Elem=char,
                     _Traits=std::char_traits<char>,
                     _Ax=std::allocator<char>
                 ]
         daemon_client_t.cpp
     1>e:\project\processmonitor\dahlia - 副本\include\globaldefine.h(53): warning C4091: “typedef ”: 没有声明变量时忽略“nodemsg_header_t”的左侧
     1>e:\project\processmonitor\dahlia - 副本\include\globaldefine.h(67): warning C4091: “typedef ”: 没有声明变量时忽略“nodemsg_heart”的左侧
     1>e:\project\processmonitor\dahlia - 副本\include\globaldefine.h(85): warning C4091: “typedef ”: 没有声明变量时忽略“nodemsg_register”的左侧
     1>e:\project\processmonitor\dahlia - 副本\include\globaldefine.h(103): warning C4091: “typedef ”: 没有声明变量时忽略“redis_process_state”的左侧
     1>e:\project\processmonitor\dahlia - 副本\include\globaldefine.h(111): warning C4091: “typedef ”: 没有声明变量时忽略“monitor_back”的左侧
     1>e:\project\processmonitor\dahlia - 副本\include\globaldefine.h(133): warning C4091: “typedef ”: 没有声明变量时忽略“montior_log_redis”的左侧
     1>e:\project\processmonitor\dahlia - 副本\include\globaldefine.h(146): warning C4091: “typedef ”: 没有声明变量时忽略“opreate_process”的左侧
     1>e:\project\processmonitor\dahlia - 副本\include\dahlia_utils.h(38): warning C4190: “get_app_path”有指定的 C 链接，但返回了与 C 不兼容的 UDT“std::basic_string<_Elem,_Traits,_Ax>”
                 with
                 [
                     _Elem=char,
                     _Traits=std::char_traits<char>,
                     _Ax=std::allocator<char>
                 ]
     1>e:\project\processmonitor\dahlia - 副本\include\dahlia_utils.h(41): warning C4190: “get_app_name”有指定的 C 链接，但返回了与 C 不兼容的 UDT“std::basic_string<_Elem,_Traits,_Ax>”
                 with
                 [
                     _Elem=char,
                     _Traits=std::char_traits<char>,
                     _Ax=std::allocator<char>
                 ]
     1>e:\project\processmonitor\dahlia - 副本\include\dahlia_utils.h(54): warning C4190: “get_local_ip_s”有指定的 C 链接，但返回了与 C 不兼容的 UDT“std::basic_string<_Elem,_Traits,_Ax>”
                 with
                 [
                     _Elem=char,
                     _Traits=std::char_traits<char>,
                     _Ax=std::allocator<char>
                 ]
         client_repar_t.cpp
     1>e:\project\processmonitor\dahlia - 副本\include\globaldefine.h(53): warning C4091: “typedef ”: 没有声明变量时忽略“nodemsg_header_t”的左侧
     1>e:\project\processmonitor\dahlia - 副本\include\globaldefine.h(67): warning C4091: “typedef ”: 没有声明变量时忽略“nodemsg_heart”的左侧
     1>e:\project\processmonitor\dahlia - 副本\include\globaldefine.h(85): warning C4091: “typedef ”: 没有声明变量时忽略“nodemsg_register”的左侧
     1>e:\project\processmonitor\dahlia - 副本\include\globaldefine.h(103): warning C4091: “typedef ”: 没有声明变量时忽略“redis_process_state”的左侧
     1>e:\project\processmonitor\dahlia - 副本\include\globaldefine.h(111): warning C4091: “typedef ”: 没有声明变量时忽略“monitor_back”的左侧
     1>e:\project\processmonitor\dahlia - 副本\include\globaldefine.h(133): warning C4091: “typedef ”: 没有声明变量时忽略“montior_log_redis”的左侧
     1>e:\project\processmonitor\dahlia - 副本\include\globaldefine.h(146): warning C4091: “typedef ”: 没有声明变量时忽略“opreate_process”的左侧
     1>e:\project\processmonitor\dahlia - 副本\include\dahlia_utils.h(38): warning C4190: “get_app_path”有指定的 C 链接，但返回了与 C 不兼容的 UDT“std::basic_string<_Elem,_Traits,_Ax>”
                 with
                 [
                     _Elem=char,
                     _Traits=std::char_traits<char>,
                     _Ax=std::allocator<char>
                 ]
     1>e:\project\processmonitor\dahlia - 副本\include\dahlia_utils.h(41): warning C4190: “get_app_name”有指定的 C 链接，但返回了与 C 不兼容的 UDT“std::basic_string<_Elem,_Traits,_Ax>”
                 with
                 [
                     _Elem=char,
                     _Traits=std::char_traits<char>,
                     _Ax=std::allocator<char>
                 ]
     1>e:\project\processmonitor\dahlia - 副本\include\dahlia_utils.h(54): warning C4190: “get_local_ip_s”有指定的 C 链接，但返回了与 C 不兼容的 UDT“std::basic_string<_Elem,_Traits,_Ax>”
                 with
                 [
                     _Elem=char,
                     _Traits=std::char_traits<char>,
                     _Ax=std::allocator<char>
                 ]
         wnd_screen_t.cpp
     1>e:\project\processmonitor\dahlia - 副本\include\wnd_screen_t.cpp(28): warning C4800: “BOOL”: 将值强制为布尔值“true”或“false”(性能警告)
     1>e:\project\processmonitor\dahlia - 副本\include\wnd_screen_t.cpp(29): warning C4800: “BOOL”: 将值强制为布尔值“true”或“false”(性能警告)
     1>e:\project\processmonitor\dahlia - 副本\include\wnd_screen_t.cpp(30): warning C4800: “BOOL”: 将值强制为布尔值“true”或“false”(性能警告)
     1>e:\project\processmonitor\dahlia - 副本\include\wnd_screen_t.cpp(31): warning C4800: “BOOL”: 将值强制为布尔值“true”或“false”(性能警告)
     1>e:\project\processmonitor\dahlia - 副本\include\wnd_screen_t.cpp(35): warning C4800: “BOOL”: 将值强制为布尔值“true”或“false”(性能警告)
     1>e:\project\processmonitor\dahlia - 副本\include\wnd_screen_t.cpp(99): warning C4800: “BOOL”: 将值强制为布尔值“true”或“false”(性能警告)
     1>e:\project\processmonitor\dahlia - 副本\include\wnd_screen_t.cpp(100): warning C4800: “BOOL”: 将值强制为布尔值“true”或“false”(性能警告)
     1>e:\project\processmonitor\dahlia - 副本\include\wnd_screen_t.cpp(129): warning C4800: “BOOL”: 将值强制为布尔值“true”或“false”(性能警告)
         stringutil.cpp
     1>e:\project\processmonitor\dahlia - 副本\include\stringutil\stringutil.cpp(114): warning C4244: “return”: 从“time_t”转换到“long”，可能丢失数据
     1>e:\project\processmonitor\dahlia - 副本\include\stringutil\stringutil.cpp(133): warning C4996: 'sprintf': This function or variable may be unsafe. Consider using sprintf_s instead. To disable deprecation, use _CRT_SECURE_NO_WARNINGS. See online help for details.
                 c:\program files (x86)\microsoft visual studio 10.0\vc\include\stdio.h(371) : 参见“sprintf”的声明
         dahlia_utils.cpp
     1>e:\project\processmonitor\dahlia - 副本\include\dahlia_utils.h(38): warning C4190: “get_app_path”有指定的 C 链接，但返回了与 C 不兼容的 UDT“std::basic_string<_Elem,_Traits,_Ax>”
                 with
                 [
                     _Elem=char,
                     _Traits=std::char_traits<char>,
                     _Ax=std::allocator<char>
                 ]
     1>e:\project\processmonitor\dahlia - 副本\include\dahlia_utils.h(41): warning C4190: “get_app_name”有指定的 C 链接，但返回了与 C 不兼容的 UDT“std::basic_string<_Elem,_Traits,_Ax>”
                 with
                 [
                     _Elem=char,
                     _Traits=std::char_traits<char>,
                     _Ax=std::allocator<char>
                 ]
     1>e:\project\processmonitor\dahlia - 副本\include\dahlia_utils.h(54): warning C4190: “get_local_ip_s”有指定的 C 链接，但返回了与 C 不兼容的 UDT“std::basic_string<_Elem,_Traits,_Ax>”
                 with
                 [
                     _Elem=char,
                     _Traits=std::char_traits<char>,
                     _Ax=std::allocator<char>
                 ]
     1>e:\project\processmonitor\dahlia - 副本\include\dahlia_utils.cpp(107): warning C4244: “=”: 从“double”转换到“unsigned int”，可能丢失数据
     1>e:\project\processmonitor\dahlia - 副本\include\dahlia_utils.cpp(132): warning C4800: “BOOL”: 将值强制为布尔值“true”或“false”(性能警告)
     1>e:\project\processmonitor\dahlia - 副本\include\dahlia_utils.cpp(184): warning C4800: “BOOL”: 将值强制为布尔值“true”或“false”(性能警告)
         aqueue_obj_t.cpp
         aqueue_manager_t.cpp
         正在生成代码...
       ManifestResourceCompile:
         C:\Program Files (x86)\Microsoft SDKs\Windows\v7.0A\bin\rc.exe /nologo /fo"Debug\Node.dll.embed.manifest.res" Debug\Node_manifest.rc 
     1>C:\Program Files (x86)\MSBuild\Microsoft.Cpp\v4.0\Microsoft.CppBuild.targets(990,5): warning MSB8012: TargetPath(E:\project\ProcessMonitor\Dahlia - 副本\Node\Debug\Node.dll) 与 Linker 的 OutputFile 属性值(E:\project\ProcessMonitor\Dahlia - 副本\Bin\Node.dll)不匹配。这可能导致项目生成不正确。若要更正此问题，请确保 $(OutDir)、$(TargetName) 和 $(TargetExt) 属性值与 %(Link.OutputFile) 中指定的值匹配。
       Link:
         C:\Program Files (x86)\Microsoft Visual Studio 10.0\VC\bin\link.exe /ERRORREPORT:PROMPT /OUT:"..\Bin\Node.dll" /INCREMENTAL /NOLOGO /LIBPATH:..\Lib /LIBPATH:..\Lib\redis AQueue.lib AsynNet.lib kernel32.lib user32.lib gdi32.lib winspool.lib comdlg32.lib advapi32.lib shell32.lib ole32.lib oleaut32.lib uuid.lib odbc32.lib odbccp32.lib /MANIFEST /ManifestFile:"Debug\Node.dll.intermediate.manifest" /MANIFESTUAC:"level='asInvoker' uiAccess='false'" /DEBUG /PDB:"E:\project\ProcessMonitor\Dahlia - 副本\Node\Debug\Node.pdb" /SUBSYSTEM:CONSOLE /TLBID:1 /DYNAMICBASE /NXCOMPAT /IMPLIB:"..\lib\Node.lib" /MACHINE:X86 /DLL Debug\Node.dll.embed.manifest.res
         Debug\aqueue_manager_t.obj
         Debug\aqueue_obj_t.obj
         Debug\dahlia_utils.obj
         Debug\stringutil.obj
         Debug\wnd_screen_t.obj
         Debug\client_repar_t.obj
         Debug\daemon_client_t.obj
         Debug\Node.obj
         Debug\session_client_t.obj
       Manifest:
         C:\Program Files (x86)\Microsoft SDKs\Windows\v7.0A\bin\mt.exe /nologo /verbose /out:"Debug\Node.dll.embed.manifest" /manifest Debug\Node.dll.intermediate.manifest
         所有输出均为最新。
       LinkEmbedManifest:
         所有输出均为最新。
         Node.vcxproj -> E:\project\ProcessMonitor\Dahlia - 副本\Node\Debug\Node.dll
       FinalizeBuildStatus:
         正在删除文件“Debug\Node.unsuccessfulbuild”。
         正在对“Debug\Node.lastbuildstate”执行 Touch 任务。
     1>已完成生成项目“E:\project\ProcessMonitor\Dahlia - 副本\Node\Node.vcxproj”(build 个目标)的操作。

生成成功。

已用时间 00:00:05.63
