E:\PROJECT\PROCESSMONITOR\DAHLIA\BIN\CLIENT.EXE
E:\PROJECT\PROCESSMONITOR\DAHLIA\BIN\CLIENT.ILK
E:\PROJECT\PROCESSMONITOR\DAHLIA\CLIENT\DEBUG\8PREDIS.OBJ
E:\project\ProcessMonitor\Dahlia\Client\Debug\cl.command.1.tlog
E:\project\ProcessMonitor\Dahlia\Client\Debug\CL.read.1.tlog
E:\project\ProcessMonitor\Dahlia\Client\Debug\CL.write.1.tlog
E:\PROJECT\PROCESSMONITOR\DAHLIA\CLIENT\DEBUG\CLIENT.EXE.INTERMEDIATE.MANIFEST
E:\PROJECT\PROCESSMONITOR\DAHLIA\CLIENT\DEBUG\CLIENT.OBJ
E:\project\ProcessMonitor\Dahlia\Client\Debug\Client.write.1.tlog
E:\project\ProcessMonitor\Dahlia\Client\Debug\custombuild.command.1.tlog
E:\project\ProcessMonitor\Dahlia\Client\Debug\custombuild.read.1.tlog
E:\project\ProcessMonitor\Dahlia\Client\Debug\custombuild.write.1.tlog
E:\PROJECT\PROCESSMONITOR\DAHLIA\CLIENT\DEBUG\DAHLIA_UTILS.OBJ
E:\project\ProcessMonitor\Dahlia\Client\Debug\link.command.1.tlog
E:\project\ProcessMonitor\Dahlia\Client\Debug\link.read.1.tlog
E:\project\ProcessMonitor\Dahlia\Client\Debug\link.write.1.tlog
E:\PROJECT\PROCESSMONITOR\DAHLIA\CLIENT\DEBUG\LOGITEMMANAGER.OBJ
E:\PROJECT\PROCESSMONITOR\DAHLIA\CLIENT\DEBUG\MAIN.OBJ
E:\PROJECT\PROCESSMONITOR\DAHLIA\CLIENT\DEBUG\MAINFRAME.OBJ
E:\PROJECT\PROCESSMONITOR\DAHLIA\CLIENT\DEBUG\MAINHEADER.OBJ
E:\PROJECT\PROCESSMONITOR\DAHLIA\CLIENT\DEBUG\MOC_CLIENT.OBJ
E:\PROJECT\PROCESSMONITOR\DAHLIA\CLIENT\DEBUG\MOC_LOGITEMMANAGER.OBJ
E:\PROJECT\PROCESSMONITOR\DAHLIA\CLIENT\DEBUG\MOC_MAINFRAME.OBJ
E:\PROJECT\PROCESSMONITOR\DAHLIA\CLIENT\DEBUG\MOC_MAINHEADER.OBJ
E:\PROJECT\PROCESSMONITOR\DAHLIA\CLIENT\DEBUG\MOC_NODEMANAGER.OBJ
E:\PROJECT\PROCESSMONITOR\DAHLIA\CLIENT\DEBUG\MOC_PROCESSLOGWIDGET.OBJ
E:\PROJECT\PROCESSMONITOR\DAHLIA\CLIENT\DEBUG\MOC_QANIMALTABWIDGET.OBJ
E:\PROJECT\PROCESSMONITOR\DAHLIA\CLIENT\DEBUG\MOC_QCENTERWIDGET.OBJ
E:\PROJECT\PROCESSMONITOR\DAHLIA\CLIENT\DEBUG\MOC_QDEBUGCONSOLE.OBJ
E:\PROJECT\PROCESSMONITOR\DAHLIA\CLIENT\DEBUG\MOC_QFLASHLIST.OBJ
E:\PROJECT\PROCESSMONITOR\DAHLIA\CLIENT\DEBUG\MOC_QHEADERGROUND.OBJ
E:\PROJECT\PROCESSMONITOR\DAHLIA\CLIENT\DEBUG\MOC_QLEFTWIDGET.OBJ
E:\PROJECT\PROCESSMONITOR\DAHLIA\CLIENT\DEBUG\MOC_QMONTINORREGISTERWIDGET.OBJ
E:\PROJECT\PROCESSMONITOR\DAHLIA\CLIENT\DEBUG\MOC_QREDISCALLBACK.OBJ
E:\PROJECT\PROCESSMONITOR\DAHLIA\CLIENT\DEBUG\MOC_QRIGHTACTION.OBJ
E:\PROJECT\PROCESSMONITOR\DAHLIA\CLIENT\DEBUG\MOC_QSLIDERBUTTON.OBJ
E:\PROJECT\PROCESSMONITOR\DAHLIA\CLIENT\DEBUG\MOC_REDEMEWIDGET.OBJ
E:\project\ProcessMonitor\Dahlia\Client\Debug\mt.command.1.tlog
E:\project\ProcessMonitor\Dahlia\Client\Debug\mt.read.1.tlog
E:\project\ProcessMonitor\Dahlia\Client\Debug\mt.write.1.tlog
E:\PROJECT\PROCESSMONITOR\DAHLIA\CLIENT\DEBUG\NBCLOCK.OBJ
E:\PROJECT\PROCESSMONITOR\DAHLIA\CLIENT\DEBUG\NODEMANAGER.OBJ
E:\PROJECT\PROCESSMONITOR\DAHLIA\CLIENT\DEBUG\PROCESSLOGWIDGET.OBJ
E:\PROJECT\PROCESSMONITOR\DAHLIA\CLIENT\DEBUG\PROCESSMON.PB.OBJ
E:\PROJECT\PROCESSMONITOR\DAHLIA\CLIENT\DEBUG\QANIMALTABWIDGET.OBJ
E:\PROJECT\PROCESSMONITOR\DAHLIA\CLIENT\DEBUG\QCENTERWIDGET.OBJ
E:\PROJECT\PROCESSMONITOR\DAHLIA\CLIENT\DEBUG\QDEBUGCONSOLE.OBJ
E:\PROJECT\PROCESSMONITOR\DAHLIA\CLIENT\DEBUG\QFLASHLIST.OBJ
E:\PROJECT\PROCESSMONITOR\DAHLIA\CLIENT\DEBUG\QHEADERGROUND.OBJ
E:\PROJECT\PROCESSMONITOR\DAHLIA\CLIENT\DEBUG\QLEFTWIDGET.OBJ
E:\PROJECT\PROCESSMONITOR\DAHLIA\CLIENT\DEBUG\QMONTINORREGISTERWIDGET.OBJ
E:\PROJECT\PROCESSMONITOR\DAHLIA\CLIENT\DEBUG\QRC_BIT.OBJ
E:\PROJECT\PROCESSMONITOR\DAHLIA\CLIENT\DEBUG\QRC_CLIENT.OBJ
E:\PROJECT\PROCESSMONITOR\DAHLIA\CLIENT\DEBUG\QRC_RESOURCE_IMAGE.OBJ
E:\PROJECT\PROCESSMONITOR\DAHLIA\CLIENT\DEBUG\QREDISCALLBACK.OBJ
E:\PROJECT\PROCESSMONITOR\DAHLIA\CLIENT\DEBUG\QRIGHTACTION.OBJ
E:\PROJECT\PROCESSMONITOR\DAHLIA\CLIENT\DEBUG\QSLIDERBUTTON.OBJ
E:\PROJECT\PROCESSMONITOR\DAHLIA\CLIENT\DEBUG\REDEMEWIDGET.OBJ
E:\PROJECT\PROCESSMONITOR\DAHLIA\CLIENT\DEBUG\STRINGUTIL.OBJ
E:\PROJECT\PROCESSMONITOR\DAHLIA\CLIENT\DEBUG\VC100.PDB
E:\PROJECT\PROCESSMONITOR\DAHLIA\CLIENT\DEBUG\WND_SCREEN_T.OBJ
E:\PROJECT\PROCESSMONITOR\DAHLIA\CLIENT\GENERATEDFILES\DEBUG\MOC_CLIENT.CPP
E:\PROJECT\PROCESSMONITOR\DAHLIA\CLIENT\GENERATEDFILES\DEBUG\MOC_LOGITEMMANAGER.CPP
E:\PROJECT\PROCESSMONITOR\DAHLIA\CLIENT\GENERATEDFILES\DEBUG\MOC_MAINFRAME.CPP
E:\PROJECT\PROCESSMONITOR\DAHLIA\CLIENT\GENERATEDFILES\DEBUG\MOC_MAINHEADER.CPP
E:\PROJECT\PROCESSMONITOR\DAHLIA\CLIENT\GENERATEDFILES\DEBUG\MOC_NODEMANAGER.CPP
E:\PROJECT\PROCESSMONITOR\DAHLIA\CLIENT\GENERATEDFILES\DEBUG\MOC_PROCESSLOGWIDGET.CPP
E:\PROJECT\PROCESSMONITOR\DAHLIA\CLIENT\GENERATEDFILES\DEBUG\MOC_QANIMALTABWIDGET.CPP
E:\PROJECT\PROCESSMONITOR\DAHLIA\CLIENT\GENERATEDFILES\DEBUG\MOC_QCENTERWIDGET.CPP
E:\PROJECT\PROCESSMONITOR\DAHLIA\CLIENT\GENERATEDFILES\DEBUG\MOC_QDEBUGCONSOLE.CPP
E:\PROJECT\PROCESSMONITOR\DAHLIA\CLIENT\GENERATEDFILES\DEBUG\MOC_QFLASHLIST.CPP
E:\PROJECT\PROCESSMONITOR\DAHLIA\CLIENT\GENERATEDFILES\DEBUG\MOC_QHEADERGROUND.CPP
E:\PROJECT\PROCESSMONITOR\DAHLIA\CLIENT\GENERATEDFILES\DEBUG\MOC_QLEFTWIDGET.CPP
E:\PROJECT\PROCESSMONITOR\DAHLIA\CLIENT\GENERATEDFILES\DEBUG\MOC_QMONTINORREGISTERWIDGET.CPP
E:\PROJECT\PROCESSMONITOR\DAHLIA\CLIENT\GENERATEDFILES\DEBUG\MOC_QREDISCALLBACK.CPP
E:\PROJECT\PROCESSMONITOR\DAHLIA\CLIENT\GENERATEDFILES\DEBUG\MOC_QRIGHTACTION.CPP
E:\PROJECT\PROCESSMONITOR\DAHLIA\CLIENT\GENERATEDFILES\DEBUG\MOC_QSLIDERBUTTON.CPP
E:\PROJECT\PROCESSMONITOR\DAHLIA\CLIENT\GENERATEDFILES\DEBUG\MOC_REDEMEWIDGET.CPP
E:\PROJECT\PROCESSMONITOR\DAHLIA\CLIENT\GENERATEDFILES\QRC_BIT.CPP
E:\PROJECT\PROCESSMONITOR\DAHLIA\CLIENT\GENERATEDFILES\QRC_CLIENT.CPP
E:\PROJECT\PROCESSMONITOR\DAHLIA\CLIENT\GENERATEDFILES\QRC_RESOURCE_IMAGE.CPP
E:\PROJECT\PROCESSMONITOR\DAHLIA\CLIENT\GENERATEDFILES\UI_CLIENT.H
E:\PROJECT\PROCESSMONITOR\DAHLIA\CLIENT\GENERATEDFILES\UI_LOGITEMMANAGER.H
E:\PROJECT\PROCESSMONITOR\DAHLIA\CLIENT\GENERATEDFILES\UI_MAINFRAME.H
E:\PROJECT\PROCESSMONITOR\DAHLIA\CLIENT\GENERATEDFILES\UI_MAINHEADER.H
E:\PROJECT\PROCESSMONITOR\DAHLIA\CLIENT\GENERATEDFILES\UI_PROCESSLOGWIDGET.H
E:\PROJECT\PROCESSMONITOR\DAHLIA\CLIENT\GENERATEDFILES\UI_QHEADERGROUND.H
E:\PROJECT\PROCESSMONITOR\DAHLIA\CLIENT\GENERATEDFILES\UI_QLEFTWIDGET.H
E:\PROJECT\PROCESSMONITOR\DAHLIA\CLIENT\GENERATEDFILES\UI_QMONTINORREGISTERWIDGET.H
E:\PROJECT\PROCESSMONITOR\DAHLIA\CLIENT\GENERATEDFILES\UI_REDEMEWIDGET.H
E:\project\ProcessMonitor\Dahlia\Client\Win32\Debug\Client.exp
E:\project\ProcessMonitor\Dahlia\Client\Win32\Debug\Client.lib
E:\PROJECT\PROCESSMONITOR\DAHLIA\CLIENT\WIN32\DEBUG\CLIENT.PDB
E:\PROJECT\XDKZ\SOURCE\DAHLIA\BIN\CLIENT.EXE
E:\PROJECT\XDKZ\SOURCE\DAHLIA\BIN\CLIENT.ILK
E:\PROJECT\XDKZ\SOURCE\DAHLIA\CLIENT\DEBUG\8PREDIS.OBJ
E:\PROJECT\XDKZ\SOURCE\DAHLIA\CLIENT\DEBUG\CLIENT.EXE.INTERMEDIATE.MANIFEST
E:\PROJECT\XDKZ\SOURCE\DAHLIA\CLIENT\DEBUG\CLIENT.OBJ
E:\PROJECT\XDKZ\SOURCE\DAHLIA\CLIENT\DEBUG\DAHLIA_UTILS.OBJ
E:\PROJECT\XDKZ\SOURCE\DAHLIA\CLIENT\DEBUG\LOGITEMMANAGER.OBJ
E:\PROJECT\XDKZ\SOURCE\DAHLIA\CLIENT\DEBUG\MAIN.OBJ
E:\PROJECT\XDKZ\SOURCE\DAHLIA\CLIENT\DEBUG\MAINFRAME.OBJ
E:\PROJECT\XDKZ\SOURCE\DAHLIA\CLIENT\DEBUG\MAINHEADER.OBJ
E:\PROJECT\XDKZ\SOURCE\DAHLIA\CLIENT\DEBUG\MOC_CLIENT.OBJ
E:\PROJECT\XDKZ\SOURCE\DAHLIA\CLIENT\DEBUG\MOC_LOGITEMMANAGER.OBJ
E:\PROJECT\XDKZ\SOURCE\DAHLIA\CLIENT\DEBUG\MOC_MAINFRAME.OBJ
E:\PROJECT\XDKZ\SOURCE\DAHLIA\CLIENT\DEBUG\MOC_MAINHEADER.OBJ
E:\PROJECT\XDKZ\SOURCE\DAHLIA\CLIENT\DEBUG\MOC_NODEMANAGER.OBJ
E:\PROJECT\XDKZ\SOURCE\DAHLIA\CLIENT\DEBUG\MOC_PROCESSLOGWIDGET.OBJ
E:\PROJECT\XDKZ\SOURCE\DAHLIA\CLIENT\DEBUG\MOC_QANIMALTABWIDGET.OBJ
E:\PROJECT\XDKZ\SOURCE\DAHLIA\CLIENT\DEBUG\MOC_QCENTERWIDGET.OBJ
E:\PROJECT\XDKZ\SOURCE\DAHLIA\CLIENT\DEBUG\MOC_QDEBUGCONSOLE.OBJ
E:\PROJECT\XDKZ\SOURCE\DAHLIA\CLIENT\DEBUG\MOC_QFLASHLIST.OBJ
E:\PROJECT\XDKZ\SOURCE\DAHLIA\CLIENT\DEBUG\MOC_QHEADERGROUND.OBJ
E:\PROJECT\XDKZ\SOURCE\DAHLIA\CLIENT\DEBUG\MOC_QLEFTWIDGET.OBJ
E:\PROJECT\XDKZ\SOURCE\DAHLIA\CLIENT\DEBUG\MOC_QMONTINORREGISTERWIDGET.OBJ
E:\PROJECT\XDKZ\SOURCE\DAHLIA\CLIENT\DEBUG\MOC_QREDISCALLBACK.OBJ
E:\PROJECT\XDKZ\SOURCE\DAHLIA\CLIENT\DEBUG\MOC_QRIGHTACTION.OBJ
E:\PROJECT\XDKZ\SOURCE\DAHLIA\CLIENT\DEBUG\MOC_QSLIDERBUTTON.OBJ
E:\PROJECT\XDKZ\SOURCE\DAHLIA\CLIENT\DEBUG\MOC_REDEMEWIDGET.OBJ
E:\PROJECT\XDKZ\SOURCE\DAHLIA\CLIENT\DEBUG\NBCLOCK.OBJ
E:\PROJECT\XDKZ\SOURCE\DAHLIA\CLIENT\DEBUG\NODEMANAGER.OBJ
E:\PROJECT\XDKZ\SOURCE\DAHLIA\CLIENT\DEBUG\PROCESSLOGWIDGET.OBJ
E:\PROJECT\XDKZ\SOURCE\DAHLIA\CLIENT\DEBUG\PROCESSMON.PB.OBJ
E:\PROJECT\XDKZ\SOURCE\DAHLIA\CLIENT\DEBUG\QANIMALTABWIDGET.OBJ
E:\PROJECT\XDKZ\SOURCE\DAHLIA\CLIENT\DEBUG\QCENTERWIDGET.OBJ
E:\PROJECT\XDKZ\SOURCE\DAHLIA\CLIENT\DEBUG\QDEBUGCONSOLE.OBJ
E:\PROJECT\XDKZ\SOURCE\DAHLIA\CLIENT\DEBUG\QFLASHLIST.OBJ
E:\PROJECT\XDKZ\SOURCE\DAHLIA\CLIENT\DEBUG\QHEADERGROUND.OBJ
E:\PROJECT\XDKZ\SOURCE\DAHLIA\CLIENT\DEBUG\QLEFTWIDGET.OBJ
E:\PROJECT\XDKZ\SOURCE\DAHLIA\CLIENT\DEBUG\QMONTINORREGISTERWIDGET.OBJ
E:\PROJECT\XDKZ\SOURCE\DAHLIA\CLIENT\DEBUG\QRC_BIT.OBJ
E:\PROJECT\XDKZ\SOURCE\DAHLIA\CLIENT\DEBUG\QRC_CLIENT.OBJ
E:\PROJECT\XDKZ\SOURCE\DAHLIA\CLIENT\DEBUG\QRC_RESOURCE_IMAGE.OBJ
E:\PROJECT\XDKZ\SOURCE\DAHLIA\CLIENT\DEBUG\QREDISCALLBACK.OBJ
E:\PROJECT\XDKZ\SOURCE\DAHLIA\CLIENT\DEBUG\QRIGHTACTION.OBJ
E:\PROJECT\XDKZ\SOURCE\DAHLIA\CLIENT\DEBUG\QSLIDERBUTTON.OBJ
E:\PROJECT\XDKZ\SOURCE\DAHLIA\CLIENT\DEBUG\REDEMEWIDGET.OBJ
E:\PROJECT\XDKZ\SOURCE\DAHLIA\CLIENT\DEBUG\STRINGUTIL.OBJ
E:\PROJECT\XDKZ\SOURCE\DAHLIA\CLIENT\DEBUG\VC100.PDB
E:\PROJECT\XDKZ\SOURCE\DAHLIA\CLIENT\DEBUG\WND_SCREEN_T.OBJ
E:\PROJECT\XDKZ\SOURCE\DAHLIA\CLIENT\GENERATEDFILES\DEBUG\MOC_CLIENT.CPP
E:\PROJECT\XDKZ\SOURCE\DAHLIA\CLIENT\GENERATEDFILES\DEBUG\MOC_LOGITEMMANAGER.CPP
E:\PROJECT\XDKZ\SOURCE\DAHLIA\CLIENT\GENERATEDFILES\DEBUG\MOC_MAINFRAME.CPP
E:\PROJECT\XDKZ\SOURCE\DAHLIA\CLIENT\GENERATEDFILES\DEBUG\MOC_MAINHEADER.CPP
E:\PROJECT\XDKZ\SOURCE\DAHLIA\CLIENT\GENERATEDFILES\DEBUG\MOC_NODEMANAGER.CPP
E:\PROJECT\XDKZ\SOURCE\DAHLIA\CLIENT\GENERATEDFILES\DEBUG\MOC_PROCESSLOGWIDGET.CPP
E:\PROJECT\XDKZ\SOURCE\DAHLIA\CLIENT\GENERATEDFILES\DEBUG\MOC_QANIMALTABWIDGET.CPP
E:\PROJECT\XDKZ\SOURCE\DAHLIA\CLIENT\GENERATEDFILES\DEBUG\MOC_QCENTERWIDGET.CPP
E:\PROJECT\XDKZ\SOURCE\DAHLIA\CLIENT\GENERATEDFILES\DEBUG\MOC_QDEBUGCONSOLE.CPP
E:\PROJECT\XDKZ\SOURCE\DAHLIA\CLIENT\GENERATEDFILES\DEBUG\MOC_QFLASHLIST.CPP
E:\PROJECT\XDKZ\SOURCE\DAHLIA\CLIENT\GENERATEDFILES\DEBUG\MOC_QHEADERGROUND.CPP
E:\PROJECT\XDKZ\SOURCE\DAHLIA\CLIENT\GENERATEDFILES\DEBUG\MOC_QLEFTWIDGET.CPP
E:\PROJECT\XDKZ\SOURCE\DAHLIA\CLIENT\GENERATEDFILES\DEBUG\MOC_QMONTINORREGISTERWIDGET.CPP
E:\PROJECT\XDKZ\SOURCE\DAHLIA\CLIENT\GENERATEDFILES\DEBUG\MOC_QREDISCALLBACK.CPP
E:\PROJECT\XDKZ\SOURCE\DAHLIA\CLIENT\GENERATEDFILES\DEBUG\MOC_QRIGHTACTION.CPP
E:\PROJECT\XDKZ\SOURCE\DAHLIA\CLIENT\GENERATEDFILES\DEBUG\MOC_QSLIDERBUTTON.CPP
E:\PROJECT\XDKZ\SOURCE\DAHLIA\CLIENT\GENERATEDFILES\DEBUG\MOC_REDEMEWIDGET.CPP
E:\PROJECT\XDKZ\SOURCE\DAHLIA\CLIENT\GENERATEDFILES\QRC_BIT.CPP
E:\PROJECT\XDKZ\SOURCE\DAHLIA\CLIENT\GENERATEDFILES\QRC_CLIENT.CPP
E:\PROJECT\XDKZ\SOURCE\DAHLIA\CLIENT\GENERATEDFILES\QRC_RESOURCE_IMAGE.CPP
E:\PROJECT\XDKZ\SOURCE\DAHLIA\CLIENT\GENERATEDFILES\UI_CLIENT.H
E:\PROJECT\XDKZ\SOURCE\DAHLIA\CLIENT\GENERATEDFILES\UI_LOGITEMMANAGER.H
E:\PROJECT\XDKZ\SOURCE\DAHLIA\CLIENT\GENERATEDFILES\UI_MAINFRAME.H
E:\PROJECT\XDKZ\SOURCE\DAHLIA\CLIENT\GENERATEDFILES\UI_MAINHEADER.H
E:\PROJECT\XDKZ\SOURCE\DAHLIA\CLIENT\GENERATEDFILES\UI_PROCESSLOGWIDGET.H
E:\PROJECT\XDKZ\SOURCE\DAHLIA\CLIENT\GENERATEDFILES\UI_QHEADERGROUND.H
E:\PROJECT\XDKZ\SOURCE\DAHLIA\CLIENT\GENERATEDFILES\UI_QLEFTWIDGET.H
E:\PROJECT\XDKZ\SOURCE\DAHLIA\CLIENT\GENERATEDFILES\UI_QMONTINORREGISTERWIDGET.H
E:\PROJECT\XDKZ\SOURCE\DAHLIA\CLIENT\GENERATEDFILES\UI_REDEMEWIDGET.H
E:\project\XDKZ\source\Dahlia\Client\Win32\Debug\Client.exp
E:\project\XDKZ\source\Dahlia\Client\Win32\Debug\Client.lib
E:\PROJECT\XDKZ\SOURCE\DAHLIA\CLIENT\WIN32\DEBUG\CLIENT.PDB
