E:\PROJECT\PROCESSMONITOR\DAHLIA\BIN\MONITOR.EXE
E:\PROJECT\PROCESSMONITOR\DAHLIA\BIN\MONITOR.ILK
E:\PROJECT\PROCESSMONITOR\DAHLIA\MONITOR\DEBUG\AQUEUE_MANAGER_T.OBJ
E:\PROJECT\PROCESSMONITOR\DAHLIA\MONITOR\DEBUG\AQUEUE_OBJ_T.OBJ
E:\PROJECT\PROCESSMONITOR\DAHLIA\MONITOR\DEBUG\BACK_REPAR_T.OBJ
E:\project\ProcessMonitor\Dahlia\Monitor\Debug\cl.command.1.tlog
E:\project\ProcessMonitor\Dahlia\Monitor\Debug\CL.read.1.tlog
E:\project\ProcessMonitor\Dahlia\Monitor\Debug\CL.write.1.tlog
E:\PROJECT\PROCESSMONITOR\DAHLIA\MONITOR\DEBUG\DAEMON_INSTENCE_T.OBJ
E:\PROJECT\PROCESSMONITOR\DAHLIA\MONITOR\DEBUG\DAHLIA_UTILS.OBJ
E:\project\ProcessMonitor\Dahlia\Monitor\Debug\link.command.1.tlog
E:\project\ProcessMonitor\Dahlia\Monitor\Debug\link.read.1.tlog
E:\project\ProcessMonitor\Dahlia\Monitor\Debug\link.write.1.tlog
E:\project\ProcessMonitor\Dahlia\Monitor\Debug\link-cvtres.read.1.tlog
E:\project\ProcessMonitor\Dahlia\Monitor\Debug\link-cvtres.write.1.tlog
E:\project\ProcessMonitor\Dahlia\Monitor\Debug\Monitor.exe.embed.manifest
E:\PROJECT\PROCESSMONITOR\DAHLIA\MONITOR\DEBUG\MONITOR.EXE.EMBED.MANIFEST.RES
E:\PROJECT\PROCESSMONITOR\DAHLIA\MONITOR\DEBUG\MONITOR.EXE.INTERMEDIATE.MANIFEST
E:\project\ProcessMonitor\Dahlia\Monitor\Debug\Monitor.exp
E:\project\ProcessMonitor\Dahlia\Monitor\Debug\Monitor.lib
E:\PROJECT\PROCESSMONITOR\DAHLIA\MONITOR\DEBUG\MONITOR.OBJ
E:\PROJECT\PROCESSMONITOR\DAHLIA\MONITOR\DEBUG\MONITOR.PDB
E:\project\ProcessMonitor\Dahlia\Monitor\Debug\Monitor.vcxprojResolveAssemblyReference.cache
E:\project\ProcessMonitor\Dahlia\Monitor\Debug\Monitor.write.1.tlog
E:\project\ProcessMonitor\Dahlia\Monitor\Debug\Monitor_manifest.rc
E:\project\ProcessMonitor\Dahlia\Monitor\Debug\mt.command.1.tlog
E:\project\ProcessMonitor\Dahlia\Monitor\Debug\mt.read.1.tlog
E:\project\ProcessMonitor\Dahlia\Monitor\Debug\mt.write.1.tlog
E:\PROJECT\PROCESSMONITOR\DAHLIA\MONITOR\DEBUG\NBCLOCK.OBJ
E:\PROJECT\PROCESSMONITOR\DAHLIA\MONITOR\DEBUG\PROCESS_MGR_T.OBJ
E:\PROJECT\PROCESSMONITOR\DAHLIA\MONITOR\DEBUG\PROCESS_NODE_T.OBJ
E:\PROJECT\PROCESSMONITOR\DAHLIA\MONITOR\DEBUG\PROCESSMON.PB.OBJ
E:\project\ProcessMonitor\Dahlia\Monitor\Debug\rc.command.1.tlog
E:\project\ProcessMonitor\Dahlia\Monitor\Debug\rc.read.1.tlog
E:\project\ProcessMonitor\Dahlia\Monitor\Debug\rc.write.1.tlog
E:\PROJECT\PROCESSMONITOR\DAHLIA\MONITOR\DEBUG\REDIS_CLIENT_T.OBJ
E:\PROJECT\PROCESSMONITOR\DAHLIA\MONITOR\DEBUG\SESSION_SERVER_T.OBJ
E:\PROJECT\PROCESSMONITOR\DAHLIA\MONITOR\DEBUG\STRINGUTIL.OBJ
E:\project\ProcessMonitor\Dahlia\Monitor\Debug\vc100.idb
E:\PROJECT\PROCESSMONITOR\DAHLIA\MONITOR\DEBUG\VC100.PDB
E:\PROJECT\PROCESSMONITOR\DAHLIA\MONITOR\DEBUG\WND_SCREEN_T.OBJ
E:\PROJECT\XDKZ\SOURCE\DAHLIA\BIN\MONITOR.EXE
E:\PROJECT\XDKZ\SOURCE\DAHLIA\BIN\MONITOR.ILK
E:\PROJECT\XDKZ\SOURCE\DAHLIA\MONITOR\DEBUG\AQUEUE_MANAGER_T.OBJ
E:\PROJECT\XDKZ\SOURCE\DAHLIA\MONITOR\DEBUG\AQUEUE_OBJ_T.OBJ
E:\PROJECT\XDKZ\SOURCE\DAHLIA\MONITOR\DEBUG\BACK_REPAR_T.OBJ
E:\PROJECT\XDKZ\SOURCE\DAHLIA\MONITOR\DEBUG\DAEMON_INSTENCE_T.OBJ
E:\PROJECT\XDKZ\SOURCE\DAHLIA\MONITOR\DEBUG\DAHLIA_UTILS.OBJ
E:\PROJECT\XDKZ\SOURCE\DAHLIA\MONITOR\DEBUG\MONITOR.EXE.EMBED.MANIFEST
E:\PROJECT\XDKZ\SOURCE\DAHLIA\MONITOR\DEBUG\MONITOR.EXE.EMBED.MANIFEST.RES
E:\PROJECT\XDKZ\SOURCE\DAHLIA\MONITOR\DEBUG\MONITOR.EXE.INTERMEDIATE.MANIFEST
E:\project\XDKZ\source\Dahlia\Monitor\Debug\Monitor.exp
E:\project\XDKZ\source\Dahlia\Monitor\Debug\Monitor.lib
E:\PROJECT\XDKZ\SOURCE\DAHLIA\MONITOR\DEBUG\MONITOR.OBJ
E:\PROJECT\XDKZ\SOURCE\DAHLIA\MONITOR\DEBUG\MONITOR.PDB
E:\PROJECT\XDKZ\SOURCE\DAHLIA\MONITOR\DEBUG\NBCLOCK.OBJ
E:\PROJECT\XDKZ\SOURCE\DAHLIA\MONITOR\DEBUG\PROCESS_MGR_T.OBJ
E:\PROJECT\XDKZ\SOURCE\DAHLIA\MONITOR\DEBUG\PROCESS_NODE_T.OBJ
E:\PROJECT\XDKZ\SOURCE\DAHLIA\MONITOR\DEBUG\PROCESSMON.PB.OBJ
E:\PROJECT\XDKZ\SOURCE\DAHLIA\MONITOR\DEBUG\REDIS_CLIENT_T.OBJ
E:\PROJECT\XDKZ\SOURCE\DAHLIA\MONITOR\DEBUG\SESSION_SERVER_T.OBJ
E:\PROJECT\XDKZ\SOURCE\DAHLIA\MONITOR\DEBUG\STRINGUTIL.OBJ
E:\PROJECT\XDKZ\SOURCE\DAHLIA\MONITOR\DEBUG\VC100.PDB
E:\PROJECT\XDKZ\SOURCE\DAHLIA\MONITOR\DEBUG\WND_SCREEN_T.OBJ
